[    0.000000] Linux version 4.15.0-208-generic (buildd@lcy02-amd64-015) (gcc version 7.5.0 (Ubuntu 7.5.0-3ubuntu1~18.04)) #220-Ubuntu SMP Mon Mar 20 14:27:01 UTC 2023 (Ubuntu 4.15.0-208.220-generic 4.15.18)
[    0.000000] Command line: BOOT_IMAGE=/boot/vmlinuz-4.15.0-208-generic root=LABEL=cloudimg-rootfs ro console=tty1 console=ttyS0
[    0.000000] KERNEL supported cpus:
[    0.000000]   Intel GenuineIntel
[    0.000000]   AMD AuthenticAMD
[    0.000000]   Centaur CentaurHauls
[    0.000000] x86/fpu: Supporting XSAVE feature 0x001: 'x87 floating point registers'
[    0.000000] x86/fpu: Supporting XSAVE feature 0x002: 'SSE registers'
[    0.000000] x86/fpu: Supporting XSAVE feature 0x004: 'AVX registers'
[    0.000000] x86/fpu: xstate_offset[2]:  576, xstate_sizes[2]:  256
[    0.000000] x86/fpu: Enabled xstate features 0x7, context size is 832 bytes, using 'standard' format.
[    0.000000] e820: BIOS-provided physical RAM map:
[    0.000000] BIOS-e820: [mem 0x0000000000000000-0x000000000009fbff] usable
[    0.000000] BIOS-e820: [mem 0x000000000009fc00-0x000000000009ffff] reserved
[    0.000000] BIOS-e820: [mem 0x00000000000f0000-0x00000000000fffff] reserved
[    0.000000] BIOS-e820: [mem 0x0000000000100000-0x000000003ffeffff] usable
[    0.000000] BIOS-e820: [mem 0x000000003fff0000-0x000000003fffffff] ACPI data
[    0.000000] BIOS-e820: [mem 0x00000000fec00000-0x00000000fec00fff] reserved
[    0.000000] BIOS-e820: [mem 0x00000000fee00000-0x00000000fee00fff] reserved
[    0.000000] BIOS-e820: [mem 0x00000000fffc0000-0x00000000ffffffff] reserved
[    0.000000] NX (Execute Disable) protection: active
[    0.000000] SMBIOS 2.5 present.
[    0.000000] DMI: innotek GmbH VirtualBox/VirtualBox, BIOS VirtualBox 12/01/2006
[    0.000000] Hypervisor detected: KVM
[    0.000000] e820: last_pfn = 0x3fff0 max_arch_pfn = 0x400000000
[    0.000000] MTRR: Disabled
[    0.000000] x86/PAT: MTRRs disabled, skipping PAT initialization too.
[    0.000000] CPU MTRRs all blank - virtualized system.
[    0.000000] x86/PAT: Configuration [0-7]: WB  WT  UC- UC  WB  WT  UC- UC  
[    0.000000] found SMP MP-table at [mem 0x0009fff0-0x0009ffff]
[    0.000000] Scanning 1 areas for low memory corruption
[    0.000000] RAMDISK: [mem 0x359c9000-0x36cdbfff]
[    0.000000] ACPI: Early table checksum verification disabled
[    0.000000] ACPI: RSDP 0x00000000000E0000 000024 (v02 VBOX  )
[    0.000000] ACPI: XSDT 0x000000003FFF0030 00003C (v01 VBOX   VBOXXSDT 00000001 ASL  00000061)
[    0.000000] ACPI: FACP 0x000000003FFF00F0 0000F4 (v04 VBOX   VBOXFACP 00000001 ASL  00000061)
[    0.000000] ACPI: DSDT 0x000000003FFF0470 002325 (v02 VBOX   VBOXBIOS 00000002 INTL 20100528)
[    0.000000] ACPI: FACS 0x000000003FFF0200 000040
[    0.000000] ACPI: FACS 0x000000003FFF0200 000040
[    0.000000] ACPI: APIC 0x000000003FFF0240 00005C (v02 VBOX   VBOXAPIC 00000001 ASL  00000061)
[    0.000000] ACPI: SSDT 0x000000003FFF02A0 0001CC (v01 VBOX   VBOXCPUT 00000002 INTL 20100528)
[    0.000000] ACPI: Reserving FACP table memory at [mem 0x3fff00f0-0x3fff01e3]
[    0.000000] ACPI: Reserving DSDT table memory at [mem 0x3fff0470-0x3fff2794]
[    0.000000] ACPI: Reserving FACS table memory at [mem 0x3fff0200-0x3fff023f]
[    0.000000] ACPI: Reserving FACS table memory at [mem 0x3fff0200-0x3fff023f]
[    0.000000] ACPI: Reserving APIC table memory at [mem 0x3fff0240-0x3fff029b]
[    0.000000] ACPI: Reserving SSDT table memory at [mem 0x3fff02a0-0x3fff046b]
[    0.000000] No NUMA configuration found
[    0.000000] Faking a node at [mem 0x0000000000000000-0x000000003ffeffff]
[    0.000000] NODE_DATA(0) allocated [mem 0x3ffc5000-0x3ffeffff]
[    0.000000] kvm-clock: cpu 0, msr 0:3ff44001, primary cpu clock
[    0.000000] kvm-clock: Using msrs 4b564d01 and 4b564d00
[    0.000000] kvm-clock: using sched offset of 4293367761 cycles
[    0.000000] clocksource: kvm-clock: mask: 0xffffffffffffffff max_cycles: 0x1cd42e4dffb, max_idle_ns: 881590591483 ns
[    0.000000] Zone ranges:
[    0.000000]   DMA      [mem 0x0000000000001000-0x0000000000ffffff]
[    0.000000]   DMA32    [mem 0x0000000001000000-0x000000003ffeffff]
[    0.000000]   Normal   empty
[    0.000000]   Device   empty
[    0.000000] Movable zone start for each node
[    0.000000] Early memory node ranges
[    0.000000]   node   0: [mem 0x0000000000001000-0x000000000009efff]
[    0.000000]   node   0: [mem 0x0000000000100000-0x000000003ffeffff]
[    0.000000] Reserved but unavailable: 104 pages
[    0.000000] Initmem setup node 0 [mem 0x0000000000001000-0x000000003ffeffff]
[    0.000000] ACPI: PM-Timer IO Port: 0x4008
[    0.000000] IOAPIC[0]: apic_id 2, version 32, address 0xfec00000, GSI 0-23
[    0.000000] ACPI: INT_SRC_OVR (bus 0 bus_irq 0 global_irq 2 dfl dfl)
[    0.000000] ACPI: INT_SRC_OVR (bus 0 bus_irq 9 global_irq 9 low level)
[    0.000000] Using ACPI (MADT) for SMP configuration information
[    0.000000] smpboot: Allowing 2 CPUs, 0 hotplug CPUs
[    0.000000] PM: Registered nosave memory: [mem 0x00000000-0x00000fff]
[    0.000000] PM: Registered nosave memory: [mem 0x0009f000-0x0009ffff]
[    0.000000] PM: Registered nosave memory: [mem 0x000a0000-0x000effff]
[    0.000000] PM: Registered nosave memory: [mem 0x000f0000-0x000fffff]
[    0.000000] e820: [mem 0x40000000-0xfebfffff] available for PCI devices
[    0.000000] Booting paravirtualized kernel on KVM
[    0.000000] clocksource: refined-jiffies: mask: 0xffffffff max_cycles: 0xffffffff, max_idle_ns: 7645519600211568 ns
[    0.000000] setup_percpu: NR_CPUS:8192 nr_cpumask_bits:2 nr_cpu_ids:2 nr_node_ids:1
[    0.000000] percpu: Embedded 50 pages/cpu s167936 r8192 d28672 u1048576
[    0.000000] PV qspinlock hash table entries: 256 (order: 0, 4096 bytes)
[    0.000000] Built 1 zonelists, mobility grouping on.  Total pages: 257913
[    0.000000] Policy zone: DMA32
[    0.000000] Kernel command line: BOOT_IMAGE=/boot/vmlinuz-4.15.0-208-generic root=LABEL=cloudimg-rootfs ro console=tty1 console=ttyS0
[    0.000000] Memory: 982640K/1048120K available (12300K kernel code, 2477K rwdata, 4324K rodata, 2480K init, 2720K bss, 65480K reserved, 0K cma-reserved)
[    0.000000] SLUB: HWalign=64, Order=0-3, MinObjects=0, CPUs=2, Nodes=1
[    0.000000] ftrace: allocating 39494 entries in 155 pages
[    0.004000] Hierarchical RCU implementation.
[    0.004000] 	RCU restricting CPUs from NR_CPUS=8192 to nr_cpu_ids=2.
[    0.004000] 	Tasks RCU enabled.
[    0.004000] RCU: Adjusting geometry for rcu_fanout_leaf=16, nr_cpu_ids=2
[    0.004000] NR_IRQS: 524544, nr_irqs: 440, preallocated irqs: 16
[    0.004000] random: crng init done
[    0.004000] Console: colour VGA+ 80x25
[    0.004000] console [tty1] enabled
[    0.004000] console [ttyS0] enabled
[    0.004000] ACPI: Core revision 20170831
[    0.004000] ACPI: 2 ACPI AML tables successfully acquired and loaded
[    0.004000] APIC: Switch to symmetric I/O mode setup
[    0.004000] x2apic enabled
[    0.004015] Switched APIC routing to physical x2apic.
[    0.006598] ..TIMER: vector=0x30 apic1=0 pin1=2 apic2=-1 pin2=-1
[    0.008013] tsc: Detected 2803.200 MHz processor
[    0.012027] Calibrating delay loop (skipped) preset value.. 5606.40 BogoMIPS (lpj=11212800)
[    0.016010] pid_max: default: 32768 minimum: 301
[    0.018481] Security Framework initialized
[    0.020010] Yama: becoming mindful.
[    0.020900] AppArmor: AppArmor initialized
[    0.024041] Dentry cache hash table entries: 131072 (order: 8, 1048576 bytes)
[    0.028104] Inode-cache hash table entries: 65536 (order: 7, 524288 bytes)
[    0.030552] Mount-cache hash table entries: 2048 (order: 2, 16384 bytes)
[    0.032010] Mountpoint-cache hash table entries: 2048 (order: 2, 16384 bytes)
[    0.036405] Last level iTLB entries: 4KB 0, 2MB 0, 4MB 0
[    0.037711] Last level dTLB entries: 4KB 0, 2MB 0, 4MB 0, 1GB 0
[    0.039059] Spectre V1 : Mitigation: usercopy/swapgs barriers and __user pointer sanitization
[    0.040010] Spectre V2 : Mitigation: Retpolines
[    0.040708] Spectre V2 : Spectre v2 / SpectreRSB mitigation: Filling RSB on context switch
[    0.042366] Spectre V2 : Spectre v2 / SpectreRSB : Filling RSB on VMEXIT
[    0.044008] Speculative Store Bypass: Vulnerable
[    0.045639] Freeing SMP alternatives memory: 36K
[    0.159049] smpboot: CPU0: 11th Gen Intel(R) Core(TM) i7-1165G7 @ 2.80GHz (family: 0x6, model: 0x8c, stepping: 0x1)
[    0.160000] Performance Events: unsupported p6 CPU model 140 no PMU driver, software events only.
[    0.160037] Hierarchical SRCU implementation.
[    0.162104] NMI watchdog: Perf event create on CPU 0 failed with -2
[    0.163492] NMI watchdog: Perf NMI watchdog permanently disabled
[    0.164095] smp: Bringing up secondary CPUs ...
[    0.165125] x86: Booting SMP configuration:
[    0.165832] .... node  #0, CPUs:      #1
[    0.004000] kvm-clock: cpu 1, msr 0:3ff44041, secondary cpu clock
[    0.170747] smp: Brought up 1 node, 2 CPUs
[    0.172006] smpboot: Max logical packages: 1
[    0.172640] smpboot: Total of 2 processors activated (11212.80 BogoMIPS)
[    0.174129] devtmpfs: initialized
[    0.174129] x86/mm: Memory block size: 128MB
[    0.174129] evm: security.selinux
[    0.174129] evm: security.SMACK64
[    0.176006] evm: security.SMACK64EXEC
[    0.177028] evm: security.SMACK64TRANSMUTE
[    0.177528] evm: security.SMACK64MMAP
[    0.178588] evm: security.apparmor
[    0.180008] evm: security.ima
[    0.180836] evm: security.capability
[    0.181817] clocksource: jiffies: mask: 0xffffffff max_cycles: 0xffffffff, max_idle_ns: 7645041785100000 ns
[    0.181817] futex hash table entries: 512 (order: 3, 32768 bytes)
[    0.184077] pinctrl core: initialized pinctrl subsystem
[    0.188270] RTC time: 12:03:55, date: 04/03/23
[    0.192105] NET: Registered protocol family 16
[    0.194323] audit: initializing netlink subsys (disabled)
[    0.196088] audit: type=2000 audit(1680523441.046:1): state=initialized audit_enabled=0 res=1
[    0.198097] cpuidle: using governor ladder
[    0.198097] cpuidle: using governor menu
[    0.198097] ACPI: bus type PCI registered
[    0.200017] acpiphp: ACPI Hot Plug PCI Controller Driver version: 0.5
[    0.200871] PCI: Using configuration type 1 for base access
[    0.206056] HugeTLB registered 2.00 MiB page size, pre-allocated 0 pages
[    0.208162] ACPI: Added _OSI(Module Device)
[    0.209819] ACPI: Added _OSI(Processor Device)
[    0.212011] ACPI: Added _OSI(3.0 _SCP Extensions)
[    0.213815] ACPI: Added _OSI(Processor Aggregator Device)
[    0.215242] ACPI: Added _OSI(Linux-Dell-Video)
[    0.216010] ACPI: Added _OSI(Linux-Lenovo-NV-HDMI-Audio)
[    0.217615] ACPI: Added _OSI(Linux-HPI-Hybrid-Graphics)
[    0.220731] ACPI: Executed 1 blocks of module-level executable AML code
[    0.233066] ACPI: Interpreter enabled
[    0.233942] ACPI: (supports S0 S5)
[    0.234561] ACPI: Using IOAPIC for interrupt routing
[    0.235725] PCI: Using host bridge windows from ACPI; if necessary, use "pci=nocrs" and report a bug
[    0.236153] ACPI: Enabled 2 GPEs in block 00 to 07
[    0.244375] ACPI: PCI Root Bridge [PCI0] (domain 0000 [bus 00-ff])
[    0.246008] acpi PNP0A03:00: _OSC: OS supports [ASPM ClockPM Segments MSI]
[    0.248042] acpi PNP0A03:00: _OSC: not requesting OS control; OS requires [ExtendedConfig ASPM ClockPM MSI]
[    0.249537] acpi PNP0A03:00: fail to add MMCONFIG information, can't access extended PCI configuration space under this bridge.
[    0.252351] PCI host bridge to bus 0000:00
[    0.253699] pci_bus 0000:00: root bus resource [io  0x0000-0x0cf7 window]
[    0.256000] pci_bus 0000:00: root bus resource [io  0x0d00-0xffff window]
[    0.256003] pci_bus 0000:00: root bus resource [mem 0x000a0000-0x000bffff window]
[    0.257543] pci_bus 0000:00: root bus resource [mem 0x40000000-0xfdffffff window]
[    0.260009] pci_bus 0000:00: root bus resource [bus 00-ff]
[    0.266840] pci 0000:00:01.1: legacy IDE quirk: reg 0x10: [io  0x01f0-0x01f7]
[    0.268009] pci 0000:00:01.1: legacy IDE quirk: reg 0x14: [io  0x03f6]
[    0.272008] pci 0000:00:01.1: legacy IDE quirk: reg 0x18: [io  0x0170-0x0177]
[    0.276007] pci 0000:00:01.1: legacy IDE quirk: reg 0x1c: [io  0x0376]
[    0.300347] pci 0000:00:07.0: quirk: [io  0x4000-0x403f] claimed by PIIX4 ACPI
[    0.301749] pci 0000:00:07.0: quirk: [io  0x4100-0x410f] claimed by PIIX4 SMB
[    0.312914] ACPI: PCI Interrupt Link [LNKA] (IRQs 5 9 10 *11)
[    0.314819] ACPI: PCI Interrupt Link [LNKB] (IRQs 5 9 *10 11)
[    0.316107] ACPI: PCI Interrupt Link [LNKC] (IRQs 5 *9 10 11)
[    0.317880] ACPI: PCI Interrupt Link [LNKD] (IRQs 5 9 10 *11)
[    0.321024] SCSI subsystem initialized
[    0.324146] pci 0000:00:02.0: vgaarb: setting as boot VGA device
[    0.326833] pci 0000:00:02.0: vgaarb: VGA device added: decodes=io+mem,owns=io+mem,locks=none
[    0.328015] pci 0000:00:02.0: vgaarb: bridge control possible
[    0.329096] vgaarb: loaded
[    0.332150] ACPI: bus type USB registered
[    0.332959] usbcore: registered new interface driver usbfs
[    0.333742] usbcore: registered new interface driver hub
[    0.334833] usbcore: registered new device driver usb
[    0.336121] EDAC MC: Ver: 3.0.0
[    0.336723] PCI: Using ACPI for IRQ routing
[    0.336952] NetLabel: Initializing
[    0.338342] NetLabel:  domain hash size = 128
[    0.340002] NetLabel:  protocols = UNLABELED CIPSOv4 CALIPSO
[    0.340788] NetLabel:  unlabeled traffic allowed by default
[    0.342013] clocksource: Switched to clocksource kvm-clock
[    0.369108] VFS: Disk quotas dquot_6.6.0
[    0.370720] VFS: Dquot-cache hash table entries: 512 (order 0, 4096 bytes)
[    0.374361] AppArmor: AppArmor Filesystem Enabled
[    0.376801] pnp: PnP ACPI init
[    0.379467] pnp: PnP ACPI: found 3 devices
[    0.387780] clocksource: acpi_pm: mask: 0xffffff max_cycles: 0xffffff, max_idle_ns: 2085701024 ns
[    0.390696] NET: Registered protocol family 2
[    0.392255] IP idents hash table entries: 16384 (order: 5, 131072 bytes)
[    0.396998] TCP established hash table entries: 8192 (order: 4, 65536 bytes)
[    0.398050] TCP bind hash table entries: 8192 (order: 5, 131072 bytes)
[    0.398870] TCP: Hash tables configured (established 8192 bind 8192)
[    0.400618] UDP hash table entries: 512 (order: 2, 16384 bytes)
[    0.402736] UDP-Lite hash table entries: 512 (order: 2, 16384 bytes)
[    0.405056] NET: Registered protocol family 1
[    0.406689] pci 0000:00:00.0: Limiting direct PCI/PCI transfers
[    0.408911] pci 0000:00:01.0: Activating ISA DMA hang workarounds
[    0.410459] pci 0000:00:02.0: Video device with shadowed ROM at [mem 0x000c0000-0x000dffff]
[    0.412936] Unpacking initramfs...
[    0.993963] Freeing initrd memory: 19532K
[    0.995454] clocksource: tsc: mask: 0xffffffffffffffff max_cycles: 0x28680fa287f, max_idle_ns: 440795281151 ns
[    0.997142] platform rtc_cmos: registered platform RTC device (no PNP device found)
[    0.999799] Scanning for low memory corruption every 60 seconds
[    1.003771] Initialise system trusted keyrings
[    1.004971] Key type blacklist registered
[    1.006771] workingset: timestamp_bits=36 max_order=18 bucket_order=0
[    1.012936] zbud: loaded
[    1.015930] squashfs: version 4.0 (2009/01/31) Phillip Lougher
[    1.019354] fuse init (API version 7.26)
[    1.025944] Key type asymmetric registered
[    1.026732] Asymmetric key parser 'x509' registered
[    1.027867] Block layer SCSI generic (bsg) driver version 0.4 loaded (major 246)
[    1.029269] io scheduler noop registered
[    1.030322] io scheduler deadline registered
[    1.031259] io scheduler cfq registered (default)
[    1.032477] ACPI: AC Adapter [AC] (on-line)
[    1.033105] input: Power Button as /devices/LNXSYSTM:00/LNXPWRBN:00/input/input0
[    1.035455] ACPI: Power Button [PWRF]
[    1.037153] input: Sleep Button as /devices/LNXSYSTM:00/LNXSLPBN:00/input/input1
[    1.038237] ACPI: Sleep Button [SLPF]
[    1.041943] ACPI: Battery Slot [BAT0] (battery present)
[    1.044733] Serial: 8250/16550 driver, 32 ports, IRQ sharing enabled
[    1.067213] 00:02: ttyS0 at I/O 0x3f8 (irq = 4, base_baud = 115200) is a 16550A
[    1.074295] Linux agpgart interface v0.103
[    1.082465] loop: module loaded
[    1.085575] scsi host0: ata_piix
[    1.087560] scsi host1: ata_piix
[    1.089374] ata1: PATA max UDMA/33 cmd 0x1f0 ctl 0x3f6 bmdma 0xd000 irq 14
[    1.092523] ata2: PATA max UDMA/33 cmd 0x170 ctl 0x376 bmdma 0xd008 irq 15
[    1.096194] tun: Universal TUN/TAP device driver, 1.6
[    1.098870] PPP generic driver version 2.4.2
[    1.101120] ehci_hcd: USB 2.0 'Enhanced' Host Controller (EHCI) Driver
[    1.104213] ehci-pci: EHCI PCI platform driver
[    1.106464] ehci-platform: EHCI generic platform driver
[    1.109033] ohci_hcd: USB 1.1 'Open' Host Controller (OHCI) Driver
[    1.112227] ohci-pci: OHCI PCI platform driver
[    1.114137] ohci-platform: OHCI generic platform driver
[    1.117026] uhci_hcd: USB Universal Host Controller Interface driver
[    1.120333] i8042: PNP: PS/2 Controller [PNP0303:PS2K,PNP0f03:PS2M] at 0x60,0x64 irq 1,12
[    1.125678] serio: i8042 KBD port at 0x60,0x64 irq 1
[    1.128219] serio: i8042 AUX port at 0x60,0x64 irq 12
[    1.129840] mousedev: PS/2 mouse device common for all mice
[    1.130840] input: AT Translated Set 2 keyboard as /devices/platform/i8042/serio0/input/input2
[    1.133745] rtc_cmos rtc_cmos: rtc core: registered rtc_cmos as rtc0
[    1.135266] rtc_cmos rtc_cmos: alarms up to one day, 114 bytes nvram
[    1.137371] i2c /dev entries driver
[    1.138431] device-mapper: uevent: version 1.0.3
[    1.140258] device-mapper: ioctl: 4.37.0-ioctl (2017-09-20) initialised: dm-devel@redhat.com
[    1.143574] ledtrig-cpu: registered to indicate activity on CPUs
[    1.146109] NET: Registered protocol family 10
[    1.149251] Segment Routing with IPv6
[    1.149929] NET: Registered protocol family 17
[    1.151417] Key type dns_resolver registered
[    1.152120] mce: Using 0 MCE banks
[    1.152948] RAS: Correctable Errors collector initialized.
[    1.154526] sched_clock: Marking stable (1152062372, 0)->(1351473220, -199410848)
[    1.156379] registered taskstats version 1
[    1.157717] Loading compiled-in X.509 certificates
[    1.162142] Loaded X.509 cert 'Build time autogenerated kernel key: 05d3fa630a0ed8a65520e390196b077fd5e65720'
[    1.164057] Loaded X.509 cert 'Canonical Ltd. Live Patch Signing: 14df34d1a87cf37625abec039ef2bf521249b969'
[    1.168599] Loaded X.509 cert 'Canonical Ltd. Kernel Module Signing: 88f752e560a1e0737e31163a466ad7b70a850c19'
[    1.171195] blacklist: Loading compiled-in revocation X.509 certificates
[    1.173740] Loaded X.509 cert 'Canonical Ltd. Secure Boot Signing: 61482aa2830d0ab2ad5af10b7250da9033ddcef0'
[    1.176843] Loaded X.509 cert 'Canonical Ltd. Secure Boot Signing (2017): 242ade75ac4a15e50d50c84b0d45ff3eae707a03'
[    1.179677] Loaded X.509 cert 'Canonical Ltd. Secure Boot Signing (ESM 2018): 365188c1d374d6b07c3c8f240f8ef722433d6a8b'
[    1.181822] Loaded X.509 cert 'Canonical Ltd. Secure Boot Signing (2019): c0746fd6c5da3ae827864651ad66ae47fe24b3e8'
[    1.185081] Loaded X.509 cert 'Canonical Ltd. Secure Boot Signing (2021 v1): a8d54bbb3825cfb94fa13c9f8a594a195c107b8d'
[    1.187644] Loaded X.509 cert 'Canonical Ltd. Secure Boot Signing (2021 v2): 4cf046892d6fd3c9a5b03f98d845f90851dc6a8c'
[    1.189260] Loaded X.509 cert 'Canonical Ltd. Secure Boot Signing (2021 v3): 100437bb6de6e469b581e61cd66bce3ef4ed53af'
[    1.191352] Loaded X.509 cert 'Canonical Ltd. Secure Boot Signing (Ubuntu Core 2019): c1d57b8f6b743f23ee41f4f7ee292f06eecadfb9'
[    1.195502] zswap: loaded using pool lzo/zbud
[    1.200476] Key type big_key registered
[    1.201963] Key type trusted registered
[    1.205123] Key type encrypted registered
[    1.205919] AppArmor: AppArmor sha1 policy hashing enabled
[    1.207728] ima: No TPM chip found, activating TPM-bypass! (rc=-19)
[    1.211297] ima: Allocated hash algorithm: sha1
[    1.212650] evm: HMAC attrs: 0x1
[    1.213351]   Magic number: 3:995:75
[    1.213991] rtc_cmos rtc_cmos: setting system clock to 2023-04-03 12:03:56 UTC (1680523436)
[    1.216782] BIOS EDD facility v0.16 2004-Jun-25, 0 devices found
[    1.217902] EDD information not available.
[    1.290384] Freeing unused kernel image memory: 2480K
[    1.304660] Write protecting the kernel read-only data: 20480k
[    1.309333] Freeing unused kernel image memory: 2008K
[    1.312015] Freeing unused kernel image memory: 1820K
[    1.319833] x86/mm: Checked W+X mappings: passed, no W+X pages found.
Loading, please wait...
starting version 237
[    1.423241] e1000: Intel(R) PRO/1000 Network Driver - version 7.3.21-k8-NAPI
[    1.424388] e1000: Copyright (c) 1999-2006 Intel Corporation.
[    1.429018] Fusion MPT base driver 3.04.20
[    1.429791] Copyright (c) 1999-2008 LSI Corporation
[    1.481004] AVX2 version of gcm_enc/dec engaged.
[    1.483146] AES CTR mode by8 optimization enabled
[    1.492628] Fusion MPT SPI Host driver 3.04.20
[    1.644333] input: ImExPS/2 Generic Explorer Mouse as /devices/platform/i8042/serio1/input/input4
[    1.869907] e1000 0000:00:03.0 eth0: (PCI:33MHz:32-bit) 02:59:f1:88:50:de
[    1.872077] e1000 0000:00:03.0 eth0: Intel(R) PRO/1000 Network Connection
[    2.285445] e1000 0000:00:08.0 eth1: (PCI:33MHz:32-bit) 08:00:27:86:50:64
[    2.288126] e1000 0000:00:08.0 eth1: Intel(R) PRO/1000 Network Connection
[    2.291926] mptbase: ioc0: Initiating bringup
[    2.932495] ioc0: LSI53C1030 A0: Capabilities={Initiator}
[    4.521735] scsi host2: ioc0: LSI53C1030 A0, FwRev=00000000h, Ports=1, MaxQ=256, IRQ=20
[    6.019437] scsi 2:0:0:0: Direct-Access     VBOX     HARDDISK         1.0  PQ: 0 ANSI: 5
[    6.056629] scsi target2:0:0: Beginning Domain Validation
[    6.128301] scsi target2:0:0: Domain Validation skipping write tests
[    6.130703] scsi target2:0:0: Ending Domain Validation
[    6.133107] scsi target2:0:0: asynchronous
[    6.134425] scsi 2:0:1:0: Direct-Access     VBOX     HARDDISK         1.0  PQ: 0 ANSI: 5
[    6.387258] scsi target2:0:1: Beginning Domain Validation
[    6.388624] scsi target2:0:1: Domain Validation skipping write tests
[    6.389582] scsi target2:0:1: Ending Domain Validation
[    6.390515] scsi target2:0:1: asynchronous
[    6.394347] sd 2:0:0:0: Attached scsi generic sg0 type 0
[    6.395406] sd 2:0:1:0: Attached scsi generic sg1 type 0
[    6.396586] sd 2:0:0:0: [sda] 83886080 512-byte logical blocks: (42.9 GB/40.0 GiB)
[    6.397992] sd 2:0:0:0: [sda] Write Protect is off
[    6.399008] sd 2:0:0:0: [sda] Incomplete mode parameter data
[    6.399981] sd 2:0:0:0: [sda] Assuming drive cache: write through
[    6.400839] e1000 0000:00:09.0 eth2: (PCI:33MHz:32-bit) 08:00:27:a3:83:8e
[    6.401957]  sda: sda1
[    6.402320] e1000 0000:00:09.0 eth2: Intel(R) PRO/1000 Network Connection
[    6.403155] sd 2:0:0:0: [sda] Attached SCSI disk
[    6.403957] sd 2:0:1:0: [sdb] 20480 512-byte logical blocks: (10.5 MB/10.0 MiB)
[    6.406259] sd 2:0:1:0: [sdb] Write Protect is off
[    6.407402] sd 2:0:1:0: [sdb] Incomplete mode parameter data
[    6.408433] sd 2:0:1:0: [sdb] Assuming drive cache: write through
[    6.411247] sd 2:0:1:0: [sdb] Attached SCSI disk
[    6.412601] e1000 0000:00:03.0 enp0s3: renamed from eth0
[    6.428320] e1000 0000:00:08.0 enp0s8: renamed from eth1
[    6.456377] e1000 0000:00:09.0 enp0s9: renamed from eth2
Begin: Loading essential drivers ... [    8.017297] raid6: sse2x1   gen()  9464 MB/s
[    8.065239] raid6: sse2x1   xor()  5813 MB/s
[    8.112069] raid6: sse2x2   gen() 11115 MB/s
[    8.161317] raid6: sse2x2   xor()  7358 MB/s
[    8.209923] raid6: sse2x4   gen() 14035 MB/s
[    8.257823] raid6: sse2x4   xor()  9926 MB/s
[    8.308536] raid6: avx2x1   gen() 18809 MB/s
[    8.356531] raid6: avx2x1   xor() 10758 MB/s
[    8.404073] raid6: avx2x2   gen() 20857 MB/s
[    8.467558] raid6: avx2x2   xor() 26895 MB/s
[    8.522198] raid6: avx2x4   gen() 28877 MB/s
[    8.579405] raid6: avx2x4   xor() 12944 MB/s
[    8.580419] raid6: using algorithm avx2x4 gen() 28877 MB/s
[    8.581646] raid6: .... xor() 12944 MB/s, rmw enabled
[    8.582815] raid6: using avx2x2 recovery algorithm
[    8.585737] xor: automatically using best checksumming function   avx       
[    8.587441] async_tx: api initialized (async)
done.
Begin: Running /scripts/init-premount ... done.
Begin: Mounting root file system ... Begin: Running /scripts/local-top ... done.
Begin: Running /scripts/local-premount ... [    8.624563] Btrfs loaded, crc32c=crc32c-intel
Scanning for Btrfs filesystems
done.
Warning: fsck not present, so skipping root file system
[    8.650553] EXT4-fs (sda1): mounted filesystem with ordered data mode. Opts: (null)
done.
Begin: Running /scripts/local-bottom ... done.
Begin: Running /scripts/init-bottom ... done.
[    8.790740] ip_tables: (C) 2000-2006 Netfilter Core Team
[    8.796320] systemd[1]: systemd 237 running in system mode. (+PAM +AUDIT +SELINUX +IMA +APPARMOR +SMACK +SYSVINIT +UTMP +LIBCRYPTSETUP +GCRYPT +GNUTLS +ACL +XZ +LZ4 +SECCOMP +BLKID +ELFUTILS +KMOD -IDN2 +IDN -PCRE2 default-hierarchy=hybrid)
[    8.799048] systemd[1]: Detected virtualization oracle.
[    8.799785] systemd[1]: Detected architecture x86-64.

Welcome to [1mUbuntu 18.04.6 LTS[0m!

[    8.803813] systemd[1]: Set hostname to <ubuntu>.
[    8.805682] systemd[1]: Initializing machine ID from random generator.
[    8.806544] systemd[1]: Installed transient /etc/machine-id file.
[    9.026409] systemd[1]: Set up automount Arbitrary Executable File Formats File System Automount Point.
[[0;32m  OK  [0m] Set up automount Arbitrary Executab…rmats File System Automount Point.
[    9.028771] systemd[1]: Reached target System Time Synchronized.
[[0;32m  OK  [0m] Reached target System Time Synchronized.
[    9.031497] systemd[1]: Created slice System Slice.
[[0;32m  OK  [0m] Created slice System Slice.
[    9.032881] systemd[1]: Listening on Journal Socket (/dev/log).
[[0;32m  OK  [0m] Listening on Journal Socket (/dev/log).
[[0;32m  OK  [0m] Listening on Network Service Netlink Socket.
[[0;32m  OK  [0m] Listening on Journal Socket.
         Starting Create list of required st…ce nodes for the current kernel...
         Mounting Huge Pages File System...
         Mounting POSIX Message Queue File System...
[[0;32m  OK  [0m] Listening on fsck to fsckd communication Socket.
         Starting File System Check on Root Device...
[[0;32m  OK  [0m] Created slice User and Session Slice.
         Mounting Kernel Debug File System...
[[0;32m  OK  [0m] Listening on udev Control Socket.
[[0;32m  OK  [0m] Listening on LVM2 metadata daemon socket.
[[0;32m  OK  [0m] Listening on LVM2 poll daemon socket.
         Starting Load Kernel Modules...
[[0;32m  OK  [0m] Listening on Device-mapper event daemon FIFOs.
[[0;32m  OK  [0m] Reached target User and Group Name Lookups.
[[0;32m  OK  [0m] Listening on Syslog Socket.
[[0;32m  OK  [0m] Reached target Swap.
         Starting Monitoring of LVM2 mirrors…ng dmeventd or progress polling...
         Starting Uncomplicated firewall...
[[0;32m  OK  [0m] Listening on /dev/initctl Compatibility Named Pipe.
[[0;32m  OK  [0m] Started Forward Password Requests to Wall Directory Watch.
[[0;32m  OK  [0m] Reached target Mounting snaps.
[[0;32m  OK  [0m] Reached target Mounted snaps.
[[0;32m  OK  [0m] Created slice system-serial\x2dgetty.slice.
[[0;32m  OK  [0m] Listening on Journal Audit Socket.
         Starting Journal Service...
         Starting Set the console keyboard layout...
[[0;32m  OK  [0m] Reached target Slices.
[[0;32m  OK  [0m] Listening on udev Kernel Socket.
         Starting udev Coldplug all Devices...
[[0;32m  OK  [0m] Started Create list of required sta…vice nodes for the current kernel.
[[0;32m  OK  [0m] Mounted Huge Pages File System.
[[0;32m  OK  [0m] Mounted POSIX Message Queue File System.
[[0;32m  OK  [0m] Mounted Kernel Debug File System.
[[0;32m  OK  [0m] Started File System Check Daemon to report status.
         Starting Create Static Device Nodes in /dev...
[    9.088512] Loading iSCSI transport class v2.0-870.
[    9.093758] iscsi: registered transport (tcp)
[    9.106094] iscsi: registered transport (iser)
[[0;32m  OK  [0m] Started Load Kernel Modules.
         Starting Apply Kernel Variables...
         Mounting FUSE Control File System...
         Mounting Kernel Configuration File System...
[[0;32m  OK  [0m] Mounted FUSE Control File System.
[[0;32m  OK  [0m] Mounted Kernel Configuration File System.
[[0;32m  OK  [0m] Started LVM2 metadata daemon.
[[0;32m  OK  [0m] Started Uncomplicated firewall.
[[0;32m  OK  [0m] Started Journal Service.
[[0;32m  OK  [0m] Started File System Check on Root Device.
         Starting Remount Root and Kernel File Systems...
[[0;32m  OK  [0m] Started Create Static Device Nodes in /dev.
[[0;32m  OK  [0m] Started udev Coldplug all Devices.
[[0;32m  OK  [0m] Started Apply Kernel Variables.
[[0;32m  OK  [0m] Started Remount Root and Kernel File Systems.
[[0;32m  OK  [0m] Started Monitoring of LVM2 mirrors,…sing dmeventd or progress polling.
         Starting Load/Save Random Seed...
         Starting udev Kernel Device Manager...
         Starting Flush Journal to Persistent Storage...
[[0;32m  OK  [0m] Started Load/Save Random Seed.
[[0;32m  OK  [0m] Started Set the console keyboard layout.
[[0;32m  OK  [0m] Reached target Local File Systems (Pre).
[[0;32m  OK  [0m] Reached target Local File Systems.
         Starting Set console font and keymap...
         Starting Commit a transient machine-id on disk...
         Starting Tell Plymouth To Write Out Runtime Data...
         Starting AppArmor initialization...
         Starting ebtables ruleset management...
[[0;32m  OK  [0m] Started udev Kernel Device Manager.
[[0;32m  OK  [0m] Started Dispatch Password Requests to Console Directory Watch.
[[0;32m  OK  [0m] Reached target Local Encrypted Volumes.
[[0;32m  OK  [0m] Started Set console font and keymap.
[[0;32m  OK  [0m] Started Tell Plymouth To Write Out Runtime Data.
[[0;32m  OK  [0m] Started Flush Journal to Persistent Storage.
[[0;32m  OK  [0m] Started Commit a transient machine-id on disk.
         Starting Create Volatile Files and Directories...
[[0;32m  OK  [0m] Started Create Volatile Files and Directories.
         Starting Update UTMP about System Boot/Shutdown...
[[0;32m  OK  [0m] Started Update UTMP about System Boot/Shutdown.
[[0;32m  OK  [0m] Started ebtables ruleset management.
[[0;32m  OK  [0m] Found device /dev/ttyS0.
[[0;32m  OK  [0m] Listening on Load/Save RF Kill Switch Status /dev/rfkill Watch.
         Mounting Arbitrary Executable File Formats File System...
[[0;32m  OK  [0m] Mounted Arbitrary Executable File Formats File System.
[[0;32m  OK  [0m] Started AppArmor initialization.
         Starting Initial cloud-init job (pre-networking)...
         Starting Load AppArmor profiles managed internally by snapd...
[[0;32m  OK  [0m] Started Load AppArmor profiles managed internally by snapd.
[   11.431397] cloud-init[564]: Cloud-init v. 23.1.1-0ubuntu0~18.04.1 running 'init-local' at Mon, 03 Apr 2023 12:04:06 +0000. Up 11.14 seconds.
[[0;32m  OK  [0m] Started Initial cloud-init job (pre-networking).
[[0;32m  OK  [0m] Reached target Network (Pre).
         Starting Network Service...
[[0;32m  OK  [0m] Started Network Service.
         Starting Wait for Network to be Configured...
         Starting Network Name Resolution...
[[0;32m  OK  [0m] Started Network Name Resolution.
[[0;32m  OK  [0m] Reached target Host and Network Name Lookups.
[[0;32m  OK  [0m] Reached target Network.
[[0;32m  OK  [0m] Started Wait for Network to be Configured.
         Starting Initial cloud-init job (metadata service crawler)...
[   13.636685] cloud-init[684]: Cloud-init v. 23.1.1-0ubuntu0~18.04.1 running 'init' at Mon, 03 Apr 2023 12:04:08 +0000. Up 13.49 seconds.
[   13.637993] cloud-init[684]: ci-info: ++++++++++++++++++++++++++++++++++++++Net device info+++++++++++++++++++++++++++++++++++++++
[   13.638964] cloud-init[684]: ci-info: +--------+-------+----------------------------+---------------+--------+-------------------+
[   13.639985] cloud-init[684]: ci-info: | Device |   Up  |          Address           |      Mask     | Scope  |     Hw-Address    |
[   13.641220] cloud-init[684]: ci-info: +--------+-------+----------------------------+---------------+--------+-------------------+
[   13.642154] cloud-init[684]: ci-info: | enp0s3 |  True |         10.0.2.15          | 255.255.255.0 | global | 02:59:f1:88:50:de |
[   13.643049] cloud-init[684]: ci-info: | enp0s3 |  True | fe80::59:f1ff:fe88:50de/64 |       .       |  link  | 02:59:f1:88:50:de |
[   13.643938] cloud-init[684]: ci-info: | enp0s8 | False |             .              |       .       |   .    | 08:00:27:86:50:64 |
[   13.644829] cloud-init[684]: ci-info: | enp0s9 | False |             .              |       .       |   .    | 08:00:27:a3:83:8e |
[   13.645919] cloud-init[684]: ci-info: |   lo   |  True |         127.0.0.1          |   255.0.0.0   |  host  |         .         |
[   13.656199] cloud-init[684]: ci-info: |   lo   |  True |          ::1/128           |       .       |  host  |         .         |
[   13.657391] cloud-init[684]: ci-info: +--------+-------+----------------------------+---------------+--------+-------------------+
[   13.658393] cloud-init[684]: ci-info: ++++++++++++++++++++++++++++Route IPv4 info+++++++++++++++++++++++++++++
[   13.669073] cloud-init[684]: ci-info: +-------+-------------+----------+-----------------+-----------+-------+
[   13.670106] cloud-init[684]: ci-info: | Route | Destination | Gateway  |     Genmask     | Interface | Flags |
[   13.680168] cloud-init[684]: ci-info: +-------+-------------+----------+-----------------+-----------+-------+
[   13.692199] cloud-init[684]: ci-info: |   0   |   0.0.0.0   | 10.0.2.2 |     0.0.0.0     |   enp0s3  |   UG  |
[   13.692844] cloud-init[684]: ci-info: |   1   |   10.0.2.0  | 0.0.0.0  |  255.255.255.0  |   enp0s3  |   U   |
[   13.693477] cloud-init[684]: ci-info: |   2   |   10.0.2.2  | 0.0.0.0  | 255.255.255.255 |   enp0s3  |   UH  |
[   13.694265] cloud-init[684]: ci-info: +-------+-------------+----------+-----------------+-----------+-------+
[   13.695168] cloud-init[684]: ci-info: +++++++++++++++++++Route IPv6 info+++++++++++++++++++
[   13.695968] cloud-init[684]: ci-info: +-------+-------------+---------+-----------+-------+
[   13.696752] cloud-init[684]: ci-info: | Route | Destination | Gateway | Interface | Flags |
[   13.697547] cloud-init[684]: ci-info: +-------+-------------+---------+-----------+-------+
[   13.698372] cloud-init[684]: ci-info: |   1   |  fe80::/64  |    ::   |   enp0s3  |   U   |
[   13.699008] cloud-init[684]: ci-info: |   3   |    local    |    ::   |   enp0s3  |   U   |
[   13.708201] cloud-init[684]: ci-info: |   4   |   ff00::/8  |    ::   |   enp0s3  |   U   |
[   13.708804] cloud-init[684]: ci-info: +-------+-------------+---------+-----------+-------+
[   14.832826] cloud-init[684]: Generating public/private rsa key pair.
[   14.833336] cloud-init[684]: Your identification has been saved in /etc/ssh/ssh_host_rsa_key.
[   14.833862] cloud-init[684]: Your public key has been saved in /etc/ssh/ssh_host_rsa_key.pub.
[   14.834378] cloud-init[684]: The key fingerprint is:
[   14.834717] cloud-init[684]: SHA256:wLLKJxHe1wbhrRe4aHvKzeUnm9FNDZx5YlAvtyCHuG8 root@ubuntu-bionic
[   14.835260] cloud-init[684]: The key's randomart image is:
[   14.835679] cloud-init[684]: +---[RSA 2048]----+
[   14.836283] cloud-init[684]: |      .   ...    |
[   14.836830] cloud-init[684]: |     o + . + +   |
[   14.837379] cloud-init[684]: |  . . * + o @ +  |
[   14.837893] cloud-init[684]: | . o + * o + O . |
[   14.838464] cloud-init[684]: |  o = + S   . o  |
[   14.839045] cloud-init[684]: | . + o o o o     |
[   14.839612] cloud-init[684]: |  + o . o E .    |
[   14.840203] cloud-init[684]: |   + = o.+.      |
[   14.844167] cloud-init[684]: |    o o ++       |
[   14.844636] cloud-init[684]: +----[SHA256]-----+
[   14.845157] cloud-init[684]: Generating public/private dsa key pair.
[   14.845753] cloud-init[684]: Your identification has been saved in /etc/ssh/ssh_host_dsa_key.
[   14.848167] cloud-init[684]: Your public key has been saved in /etc/ssh/ssh_host_dsa_key.pub.
[   14.849115] cloud-init[684]: The key fingerprint is:
[   14.849883] cloud-init[684]: SHA256:c36NewvwwugN6fzq7QC+90kno1cpuCvGlSmLNwviCvw root@ubuntu-bionic
[   14.852159] cloud-init[684]: The key's randomart image is:
[   14.856274] cloud-init[684]: +---[DSA 1024]----+
[   14.856901] cloud-init[684]: |                 |
[   14.875986] cloud-init[684]: |                 |
[   14.876505] cloud-init[684]: |                 |
[   14.896111] cloud-init[684]: |                 |
[   14.897234] cloud-init[684]: |      . S+o  .   |
[   14.897958] cloud-init[684]: |.    ...=B.ooo   |
[   14.899267] cloud-init[684]: |... .o.+=.Bo* .  |
[   14.899861] cloud-init[684]: |......B=oB.B o.  |
[   14.900474] cloud-init[684]: |...E oo*OBB .... |
[   14.900817] cloud-init[684]: +----[SHA256]-----+
[   14.903585] [[0;32m  OK  [0m] Started Initial cloud-init job (metadata service crawler).
[[0;32m  OK  [0m] Reached target Network is Online.
cloud-init[684]: [[0;32m  OK  [0m] Reached target Remote File Systems (Pre).
[[0;32m  OK  [0m] Reached target Remote File Systems.
Generating public/private ecdsa key pair.
[   14.906278] cloud-init[684]: Your identification has been saved in /etc/ssh/ssh_host_ecdsa_key.
[   14.906696]          Starting Availability of block devices...
[[0;32m  OK  [0m] Reached target Cloud-config availability.
[[0;32m  OK  [0m] Reached target System Initialization.
cloud-init[684]: Your public key has been saved in /etc/ssh/ssh_host_ecdsa_key.pub.
[   14.907981] cloud-init[684]: [[0;32m  OK  [0m] Started ACPI Events Check.
The key fingerprint is:
[   14.908790]          Starting Socket activation for snappy daemon.
cloud-init[[0;32m  OK  [0m] Listening on UUID daemon activation socket.
[[0;32m  OK  [0m] Listening on cloud-init hotplug hook socket.
[[0;32m  OK  [0m] Listening on D-Bus System Message Bus Socket.
[[0;32m  OK  [0m] Listening on Open-iSCSI iscsid Socket.
[[0;32m  OK  [0m] Started Daily Cleanup of Temporary Directories.
[[0;32m  OK  [0m] Started Ubuntu Advantage Timer for running repeated jobs.
[684]: SHA256:M0C+RrSRVjLuIbFyF0cHuAz2wQvsD+xqHxglLydR9RQ root@ubuntu-bionic
         Starting LXD - unix socket.
[   14.921146] cloud-init[684]: [[0;32m  OK  [0m] Started Discard unused blocks once a week.
[[0;32m  OK  [0m] Started Daily apt download activities.
[[0;32m  OK  [0m] Started Daily apt upgrade and clean activities.
[[0;32m  OK  [0m] Started Message of the Day.
[[0;32m  OK  [0m] Reached target Timers.
[[0;32m  OK  [0m] Reached target Paths.
[[0;32m  OK  [0m] Listening on ACPID Listen Socket.
The key's randomart image is:[
[0;32m  OK  [0m] Listening on Socket activation for snappy daemon.
[   14.923644] [[0;32m  OK  [0m] Listening on LXD - unix socket.
[[0;32m  OK  [0m] Reached target Sockets.
[[0;32m  OK  [0m] Reached target Basic System.
cloud-init[684]: +---[ECDSA 256]---+
[   14.925567]          Starting Virtualbox guest utils...
cloud-init[684]: |   .ooO=Eo.      |         Starting LSB: Record successful boot for GRUB...

[   14.936165]          Starting LXD - container startup/shutdown...
cloud-init[684]: |   .=B*X .       |
[   14.937472]          Starting LSB: automatic crash report generation...
cloud-init[684]: |  ++=*O+.        |
[   14.938285] cloud-init[684]: |   B+==+         |
[   14.939002] cloud-init[684]: |  +.oo+ S        |
[   14.939845] cloud-init[684]: |   *...  o       |
[   14.940560] cloud-init[684]: |  ...            |
[   14.941180] cloud-init[684]: |  o  .           |
[   14.943918] cloud-init[684]: | . ..            |
[   14.944716] cloud-init[684]: +----[SHA256]-----+
[   14.956235] cloud-init[684]: Generating public/private ed25519 key pair.
[   14.957338] cloud-init[684]: Your identification has been saved in /etc/ssh/ssh_host_ed25519_key.
[   14.958962] cloud-init[684]: Your public key has been saved in /etc/ssh/ssh_host_ed25519_key.pub.
[   14.960364] cloud-init[684]: The key fingerprint is:
[   14.960924] cloud-init[684]: SHA256:CjSMDr8oaTJ1sZV2jGsW0xwPkct4ZDSWSMYZZctRQNA root@ubuntu-bionic
[   14.961993] cloud-init[684]: The key's randomart image is:
[   14.962578] cloud-init[684]: +--[ED25519 256]--+
[   14.963122] cloud-init[684]: |     o=X&*.      |
[   14.976220] cloud-init[684]: |   o .+XEB       |
[   14.976737] cloud-init[684]: |. . = B=B..      |
[   14.977232] cloud-init[684]: | + . *.=+        |
[   14.977864] cloud-init[684]: |  + + +.S        |
[   14.978451] cloud-init[684]: | + o + .         |
[   14.978960] cloud-init[684]: |*..   .          |
[   14.988318] cloud-init[684]: |+.               |
[   14.989093] cloud-init[684]: |                 |
[   14.989573] cloud-init[684]: +----[SHA256]-----+
[[0;32m  OK  [0m] Started Regular background program processing daemon.
         Starting Login Service...
[[0;32m  OK  [0m] Started irqbalance daemon.
         Starting System Logging Service...
[[0;32m  OK  [0m] Started Deferred execution scheduler.
[[0;32m  OK  [0m] Started FUSE filesystem for LXC.
         Starting Dispatcher daemon for systemd-networkd...
         Starting Pollinate to seed the pseudo random number generator...
[[0;32m  OK  [0m] Started D-Bus System Message Bus.
[[0;32m  OK  [0m] Started Login Service.
[[0;32m  OK  [0m] Reached target Login Prompts (Pre).
[[0;32m  OK  [0m] Started Unattended Upgrades Shutdown.
         Starting Permit User Sessions...
         Starting Accounts Service...
         Starting Snap Daemon...
[[0;32m  OK  [0m] Started System Logging Service.
[[0;32m  OK  [0m] Started Availability of block devices.
[[0;32m  OK  [0m] Started LXD - container startup/shutdown.
[[0;32m  OK  [0m] Started Permit User Sessions.
         Starting Terminate Plymouth Boot Screen...
         Starting Hold until boot process finishes up...
[[0;32m  OK  [0m] Started Hold until boot process finishes up.
         Starting Set console scheme...
[[0;32m  OK  [0m] Started Serial Getty on ttyS0.
[[0;32m  OK  [0m] Started Terminate Plymouth Boot Screen.
[[0;32m  OK  [0m] Started Set console scheme.
[[0;32m  OK  [0m] Created slice system-getty.slice.
[[0;32m  OK  [0m] Started Getty on tty1.
[[0;32m  OK  [0m] Reached target Login Prompts.
         Starting Authorization Manager...
[[0;32m  OK  [0m] Started LSB: automatic crash report generation.
[[0;32m  OK  [0m] Started LSB: Record successful boot for GRUB.
[[0;32m  OK  [0m] Started Authorization Manager.
[[0;32m  OK  [0m] Started Accounts Service.
[[0;32m  OK  [0m] Started Virtualbox guest utils.
[[0;32m  OK  [0m] Started Dispatcher daemon for systemd-networkd.
[[0;32m  OK  [0m] Started Snap Daemon.
         Starting Wait until snapd is fully seeded...
         Starting Time & Date Service...
[[0;32m  OK  [0m] Started Time & Date Service.

Ubuntu 18.04.6 LTS ubuntu-bionic ttyS0

ubuntu-bionic login: [   22.002765] cloud-init[1217]: Cloud-init v. 23.1.1-0ubuntu0~18.04.1 running 'modules:config' at Mon, 03 Apr 2023 12:04:16 +0000. Up 21.40 seconds.
ci-info: no authorized SSH keys fingerprints found for user ubuntu.
<14>Apr  3 12:04:22 cloud-init: #############################################################
<14>Apr  3 12:04:22 cloud-init: -----BEGIN SSH HOST KEY FINGERPRINTS-----
<14>Apr  3 12:04:22 cloud-init: 1024 SHA256:c36NewvwwugN6fzq7QC+90kno1cpuCvGlSmLNwviCvw root@ubuntu-bionic (DSA)
<14>Apr  3 12:04:22 cloud-init: 256 SHA256:M0C+RrSRVjLuIbFyF0cHuAz2wQvsD+xqHxglLydR9RQ root@ubuntu-bionic (ECDSA)
<14>Apr  3 12:04:22 cloud-init: 256 SHA256:CjSMDr8oaTJ1sZV2jGsW0xwPkct4ZDSWSMYZZctRQNA root@ubuntu-bionic (ED25519)
<14>Apr  3 12:04:22 cloud-init: 2048 SHA256:wLLKJxHe1wbhrRe4aHvKzeUnm9FNDZx5YlAvtyCHuG8 root@ubuntu-bionic (RSA)
<14>Apr  3 12:04:22 cloud-init: -----END SSH HOST KEY FINGERPRINTS-----
<14>Apr  3 12:04:22 cloud-init: #############################################################
-----BEGIN SSH HOST KEY KEYS-----
ecdsa-sha2-nistp256 AAAAE2VjZHNhLXNoYTItbmlzdHAyNTYAAAAIbmlzdHAyNTYAAABBBNppN0wdewrpr6ypPXUTHCOboSMZgRg/pg3IdcUUDRFVynDROxTu0xZ52tOWdmE4sbduSnpfsmZ2EnqVi3Vjbmw= root@ubuntu-bionic
ssh-ed25519 AAAAC3NzaC1lZDI1NTE5AAAAIPB9bnrB2OO3FXi/q21ZZ5gapOM0eN9Tot15ysTPL8FI root@ubuntu-bionic
ssh-rsa AAAAB3NzaC1yc2EAAAADAQABAAABAQDtN5lQ59nWTroDxlciv/9xsgiIhJjCC2Wbj7Ba8+1DNrxgKVkJLQ8ZhrOR5sbvx7oRUBLYzciPkvUVFybtPVEIC3FQPzShwSxMayqKgAzZK9vTVvxYRVJaSG/CuHKgT+pyYwqz7TCJsZYiqfKcuSidJzaDbaxjzF4ky0g37O5/9TmEY/CJo5fikLtGn1GKTWrkr86B3Z3KhtflKKAyZfRnv6/23A7h6mWcDeZ7rWoKJJ4K9kXIw1KPIxFnoGlJMeUDGhvJfnMhDZxP83aab++oQ3zQBSrLXe+Wyidj9Mt2qX5+JBeTbXrMzIp7ujnZH2e0Nl8irsGUgOaqhTjbU+Vl root@ubuntu-bionic
-----END SSH HOST KEY KEYS-----
[   26.998434] cloud-init[1297]: Cloud-init v. 23.1.1-0ubuntu0~18.04.1 running 'modules:final' at Mon, 03 Apr 2023 12:04:22 +0000. Up 26.72 seconds.
[   27.018645] cloud-init[1297]: Cloud-init v. 23.1.1-0ubuntu0~18.04.1 finished at Mon, 03 Apr 2023 12:04:22 +0000. Datasource DataSourceNoCloud [seed=/dev/sdb][dsmode=net].  Up 26.98 seconds
